\BOOKMARK [1][-]{section.1}{\376\377\126\342\226\037\147\204\142\020}{}% 1
\BOOKMARK [2][-]{subsection.1.1}{\376\377\225\362\213\335}{section.1}% 2
\BOOKMARK [2][-]{subsection.1.2}{\376\377\134\017\176\304\122\006\135\345}{section.1}% 3
\BOOKMARK [1][-]{section.2}{\376\377\000Q\000t\000\040\126\376\137\142\165\114\227\142\136\224\165\050\213\276\213\241}{}% 4
\BOOKMARK [2][-]{subsection.2.1}{\376\377\000U\000I\000\040\213\276\213\241}{section.2}% 5
\BOOKMARK [2][-]{subsection.2.2}{\376\377\127\372\147\054\220\073\217\221}{section.2}% 6
\BOOKMARK [2][-]{subsection.2.3}{\376\377\150\313\166\330\220\073\217\221\124\214\176\323\134\100\122\044\145\255}{section.2}% 7
\BOOKMARK [2][-]{subsection.2.4}{\376\377\213\276\177\156}{section.2}% 8
\BOOKMARK [2][-]{subsection.2.5}{\376\377\213\241\145\366\126\150\124\214\162\266\140\001\146\076\171\072}{section.2}% 9
\BOOKMARK [2][-]{subsection.2.6}{\376\377\213\373\150\143\124\214\133\130\150\143}{section.2}% 10
\BOOKMARK [2][-]{subsection.2.7}{\376\377\117\341\140\157\172\227\123\343}{section.2}% 11
\BOOKMARK [2][-]{subsection.2.8}{\376\377\146\364\131\032\122\237\200\375}{section.2}% 12
\BOOKMARK [3][-]{subsubsection.2.8.1}{\376\377\226\104\122\240\116\373\122\241\000\040\0001\000,\0002\000\040\133\236\163\260}{subsection.2.8}% 13
\BOOKMARK [3][-]{subsubsection.2.8.2}{\376\377\226\104\122\240\116\373\122\241\000\040\0005\000,\0006\000\040\133\236\163\260}{subsection.2.8}% 14
\BOOKMARK [3][-]{subsubsection.2.8.3}{\376\377\121\166\116\326\122\237\200\375}{subsection.2.8}% 15
\BOOKMARK [1][-]{section.3}{\376\377\200\124\147\072\133\371\142\030\213\276\213\241}{}% 16
\BOOKMARK [2][-]{subsection.3.1}{\376\377\220\032\117\341\123\117\213\256}{section.3}% 17
\BOOKMARK [2][-]{subsection.3.2}{\376\377\200\124\147\072\133\371\142\030\220\073\217\221}{section.3}% 18
\BOOKMARK [3][-]{subsubsection.3.2.1}{\376\377\123\314\145\271\136\372\172\313\217\336\143\245}{subsection.3.2}% 19
\BOOKMARK [3][-]{subsubsection.3.2.2}{\376\377\116\000\145\271\123\321\215\167\133\371\134\100\377\014\123\346\116\000\145\271\170\156\213\244\133\371\134\100}{subsection.3.2}% 20
\BOOKMARK [3][-]{subsubsection.3.2.3}{\376\377\133\214\142\020\133\371\134\100\136\166\170\156\213\244\200\334\215\037}{subsection.3.2}% 21
\BOOKMARK [1][-]{section.4}{\376\377\000A\000I\000\040\173\227\154\325\213\276\213\241}{}% 22
\BOOKMARK [2][-]{subsection.4.1}{\376\377\000M\000i\000n\000i\000m\000a\000x\000\040\144\034\175\042\124\214\000\040\000A\000l\000p\000h\000a\000-\000B\000e\000t\000a\000\040\122\152\147\235}{section.4}% 23
\BOOKMARK [2][-]{subsection.4.2}{\376\377\117\060\116\367\121\375\145\160}{section.4}% 24
\BOOKMARK [2][-]{subsection.4.3}{\376\377\000S\000A\000\040\123\302\145\160\214\003\145\164}{section.4}% 25
\BOOKMARK [2][-]{subsection.4.4}{\376\377\000A\000I\000\040\133\371\142\030\137\072\136\246}{section.4}% 26
\BOOKMARK [1][-]{section.5}{\376\377\141\037\214\042}{}% 27
\BOOKMARK [1][-]{section.6}{\376\377\226\104\137\125}{}% 28
